#emake log file for emake
detected 	#include"pub.h"	 	in dynamics_cores.cu
detected 	#include"log_error.h"	 	in pub.h
detected 	#include"../include/datamain.th"	 	in pub.h
detected 	#include"dynamics.h"	 	in dynamics_cores.cu
detected 	#include<curand.h>	 	in dynamics_cores.cu
<curand.h> ignored
detected 	#include<cufft.h>	 	in dynamics_cores.cu
<cufft.h> ignored
detected 	#include"random.h"	 	in dynamics_cores.cu
detected 	#include"gtensorb.h"	 	in dynamics_cores.cu
detected 	#include"dynamics_cores.h"	 	in dynamics_cores.cu
detected 	#include"pub.h"	 	in dynamics.cu
detected 	#include"log_error.h"	 	in pub.h
detected 	#include"../include/datamain.th"	 	in pub.h
detected 	#include"../include/datamain.th"	 	in dynamics.cu
detected 	#include<stdio.h>	 	in ../include/datamain.th
<stdio.h> ignored
detected 	#include<stdarg.h>	 	in ../include/datamain.th
<stdarg.h> ignored
detected 	#include<iostream>	 	in ../include/datamain.th
<iostream> ignored
detected 	#include<fstream>	 	in ../include/datamain.th
<fstream> ignored
detected 	#include<sstream>	 	in ../include/datamain.th
<sstream> ignored
detected 	#include<typeinfo>	 	in ../include/datamain.th
<typeinfo> ignored
detected 	#include"datanumbers.th"	 	in ../include/datamain.th
detected 	#include"datamath.th"	 	in ../include/datamain.th
detected 	#include"datamap.th"	 	in ../include/datamain.th
detected 	#include"datatemp.th"	 	in ../include/datamain.th
detected 	#include"dynamics.h"	 	in dynamics.cu
detected 	#include"pub.h"	 	in dynamics_diffuse.cu
detected 	#include"log_error.h"	 	in pub.h
detected 	#include"../include/datamain.th"	 	in pub.h
detected 	#include"dynamics.h"	 	in dynamics_diffuse.cu
detected 	#include<curand.h>	 	in dynamics_diffuse.cu
<curand.h> ignored
detected 	#include<cufft.h>	 	in dynamics_diffuse.cu
<cufft.h> ignored
detected 	#include"random.h"	 	in dynamics_diffuse.cu
detected 	#include"tensorb.h"	 	in dynamics_diffuse.cu
detected 	#include"dynamics_diffuse.h"	 	in dynamics_diffuse.cu
detected 	#include"pub.h"	 	in dynamics_mart.cu
detected 	#include"log_error.h"	 	in pub.h
detected 	#include"../include/datamain.th"	 	in pub.h
detected 	#include"../include/datamain.th"	 	in dynamics_mart.cu
detected 	#include<stdio.h>	 	in ../include/datamain.th
<stdio.h> ignored
detected 	#include<stdarg.h>	 	in ../include/datamain.th
<stdarg.h> ignored
detected 	#include<iostream>	 	in ../include/datamain.th
<iostream> ignored
detected 	#include<fstream>	 	in ../include/datamain.th
<fstream> ignored
detected 	#include<sstream>	 	in ../include/datamain.th
<sstream> ignored
detected 	#include<typeinfo>	 	in ../include/datamain.th
<typeinfo> ignored
detected 	#include"datanumbers.th"	 	in ../include/datamain.th
detected 	#include"datamath.th"	 	in ../include/datamain.th
detected 	#include"datamap.th"	 	in ../include/datamain.th
detected 	#include"datatemp.th"	 	in ../include/datamain.th
detected 	#include<curand.h>	 	in dynamics_mart.cu
<curand.h> ignored
detected 	#include<cufft.h>	 	in dynamics_mart.cu
<cufft.h> ignored
detected 	#include"random.h"	 	in dynamics_mart.cu
detected 	#include"tensorb.h"	 	in dynamics_mart.cu
detected 	#include"dynamics.h"	 	in dynamics_mart.cu
detected 	#include"dynamics_mart.h"	 	in dynamics_mart.cu
detected 	#include"pub.h"	 	in dynamics_stress.cu
detected 	#include"log_error.h"	 	in pub.h
detected 	#include"../include/datamain.th"	 	in pub.h
detected 	#include"dynamics.h"	 	in dynamics_stress.cu
detected 	#include<curand.h>	 	in dynamics_stress.cu
<curand.h> ignored
detected 	#include<cufft.h>	 	in dynamics_stress.cu
<cufft.h> ignored
detected 	#include"random.h"	 	in dynamics_stress.cu
detected 	#include"gtensorb.h"	 	in dynamics_stress.cu
detected 	#include"dynamics_stress.h"	 	in dynamics_stress.cu
detected 	#include"pub.h"	 	in dynamics_xxx.cu
detected 	#include"log_error.h"	 	in pub.h
detected 	#include"../include/datamain.th"	 	in pub.h
detected 	#include"dynamics.h"	 	in dynamics_xxx.cu
detected 	//#include"your_own_library.h"	 	in dynamics_xxx.cu
//your_own_library.h ignored
detected 	#include"dynamics_xxx.h"	 	in dynamics_xxx.cu
detected 	#include"../include/datamain.th"	 	in gtensorb.cu
detected 	#include<stdio.h>	 	in ../include/datamain.th
<stdio.h> ignored
detected 	#include<stdarg.h>	 	in ../include/datamain.th
<stdarg.h> ignored
detected 	#include<iostream>	 	in ../include/datamain.th
<iostream> ignored
detected 	#include<fstream>	 	in ../include/datamain.th
<fstream> ignored
detected 	#include<sstream>	 	in ../include/datamain.th
<sstream> ignored
detected 	#include<typeinfo>	 	in ../include/datamain.th
<typeinfo> ignored
detected 	#include"datanumbers.th"	 	in ../include/datamain.th
detected 	#include"datamath.th"	 	in ../include/datamain.th
detected 	#include"datamap.th"	 	in ../include/datamain.th
detected 	#include"datatemp.th"	 	in ../include/datamain.th
detected 	#include"gtensorb.h"	 	in gtensorb.cu
detected 	#include"pub.h"	 	in gups.cu
detected 	#include"log_error.h"	 	in pub.h
detected 	#include"../include/datamain.th"	 	in pub.h
detected 	#include"pub_main.h"	 	in gups.cu
detected 	#include<cufft.h>	 	in pub_main.h
<cufft.h> ignored
detected 	#include<curand.h>	 	in pub_main.h
<curand.h> ignored
detected 	#include"../include/datamain.th"	 	in pub_main.h
detected 	#include"tensorb.h"	 	in pub_main.h
detected 	#include"gtensorb.h"	 	in pub_main.h
detected 	#include"random.h"	 	in pub_main.h
detected 	#include"variable.h"	 	in pub_main.h
detected 	#include"dynamics.h"	 	in pub_main.h
detected 	#include"dynamics_cores.h"	 	in pub_main.h
detected 	#include"dynamics_diffuse.h"	 	in pub_main.h
detected 	#include"dynamics_mart.h"	 	in pub_main.h
detected 	#include"dynamics_stress.h"	 	in pub_main.h
detected 	#include"dynamics_xxx.h"	 	in pub_main.h
detected 	#include"gups.h"	 	in pub_main.h
detected 	#include"pub.h"	 	in input.cu
detected 	#include"log_error.h"	 	in pub.h
detected 	#include"../include/datamain.th"	 	in pub.h
detected 	#include"pub_main.h"	 	in input.cu
detected 	#include<cufft.h>	 	in pub_main.h
<cufft.h> ignored
detected 	#include<curand.h>	 	in pub_main.h
<curand.h> ignored
detected 	#include"../include/datamain.th"	 	in pub_main.h
detected 	#include"tensorb.h"	 	in pub_main.h
detected 	#include"gtensorb.h"	 	in pub_main.h
detected 	#include"random.h"	 	in pub_main.h
detected 	#include"variable.h"	 	in pub_main.h
detected 	#include"dynamics.h"	 	in pub_main.h
detected 	#include"dynamics_cores.h"	 	in pub_main.h
detected 	#include"dynamics_diffuse.h"	 	in pub_main.h
detected 	#include"dynamics_mart.h"	 	in pub_main.h
detected 	#include"dynamics_stress.h"	 	in pub_main.h
detected 	#include"dynamics_xxx.h"	 	in pub_main.h
detected 	#include"gups.h"	 	in pub_main.h
detected 	#include"input.h"	 	in input.cu
detected 	#include"pub.h"	 	in main.cu
detected 	#include"log_error.h"	 	in pub.h
detected 	#include"../include/datamain.th"	 	in pub.h
detected 	#include"pub_main.h"	 	in main.cu
detected 	#include<cufft.h>	 	in pub_main.h
<cufft.h> ignored
detected 	#include<curand.h>	 	in pub_main.h
<curand.h> ignored
detected 	#include"../include/datamain.th"	 	in pub_main.h
detected 	#include"tensorb.h"	 	in pub_main.h
detected 	#include"gtensorb.h"	 	in pub_main.h
detected 	#include"random.h"	 	in pub_main.h
detected 	#include"variable.h"	 	in pub_main.h
detected 	#include"dynamics.h"	 	in pub_main.h
detected 	#include"dynamics_cores.h"	 	in pub_main.h
detected 	#include"dynamics_diffuse.h"	 	in pub_main.h
detected 	#include"dynamics_mart.h"	 	in pub_main.h
detected 	#include"dynamics_stress.h"	 	in pub_main.h
detected 	#include"dynamics_xxx.h"	 	in pub_main.h
detected 	#include"gups.h"	 	in pub_main.h
detected 	#include"input.h"	 	in main.cu
detected 	#include<curand.h>	 	in random.cu
<curand.h> ignored
detected 	#include"../include/datamain.th"	 	in random.cu
detected 	#include<stdio.h>	 	in ../include/datamain.th
<stdio.h> ignored
detected 	#include<stdarg.h>	 	in ../include/datamain.th
<stdarg.h> ignored
detected 	#include<iostream>	 	in ../include/datamain.th
<iostream> ignored
detected 	#include<fstream>	 	in ../include/datamain.th
<fstream> ignored
detected 	#include<sstream>	 	in ../include/datamain.th
<sstream> ignored
detected 	#include<typeinfo>	 	in ../include/datamain.th
<typeinfo> ignored
detected 	#include"datanumbers.th"	 	in ../include/datamain.th
detected 	#include"datamath.th"	 	in ../include/datamain.th
detected 	#include"datamap.th"	 	in ../include/datamain.th
detected 	#include"datatemp.th"	 	in ../include/datamain.th
detected 	#include"random.h"	 	in random.cu
detected 	#include"../include/datamain.th"	 	in tensorb.cu
detected 	#include<stdio.h>	 	in ../include/datamain.th
<stdio.h> ignored
detected 	#include<stdarg.h>	 	in ../include/datamain.th
<stdarg.h> ignored
detected 	#include<iostream>	 	in ../include/datamain.th
<iostream> ignored
detected 	#include<fstream>	 	in ../include/datamain.th
<fstream> ignored
detected 	#include<sstream>	 	in ../include/datamain.th
<sstream> ignored
detected 	#include<typeinfo>	 	in ../include/datamain.th
<typeinfo> ignored
detected 	#include"datanumbers.th"	 	in ../include/datamain.th
detected 	#include"datamath.th"	 	in ../include/datamain.th
detected 	#include"datamap.th"	 	in ../include/datamain.th
detected 	#include"datatemp.th"	 	in ../include/datamain.th
detected 	#include"tensorb.h"	 	in tensorb.cu
detected 	#include"pub.h"	 	in variable.cu
detected 	#include"log_error.h"	 	in pub.h
detected 	#include"../include/datamain.th"	 	in pub.h
detected 	#include"../include/datamain.th"	 	in variable.cu
detected 	#include<stdio.h>	 	in ../include/datamain.th
<stdio.h> ignored
detected 	#include<stdarg.h>	 	in ../include/datamain.th
<stdarg.h> ignored
detected 	#include<iostream>	 	in ../include/datamain.th
<iostream> ignored
detected 	#include<fstream>	 	in ../include/datamain.th
<fstream> ignored
detected 	#include<sstream>	 	in ../include/datamain.th
<sstream> ignored
detected 	#include<typeinfo>	 	in ../include/datamain.th
<typeinfo> ignored
detected 	#include"datanumbers.th"	 	in ../include/datamain.th
detected 	#include"datamath.th"	 	in ../include/datamain.th
detected 	#include"datamap.th"	 	in ../include/datamain.th
detected 	#include"datatemp.th"	 	in ../include/datamain.th
detected 	#include"variable.h"	 	in variable.cu
detected 	#include<map>	 	in variable.h
<map> ignored
##################################################
###	Auto Makefile: makefile	is created!!!
##################################################
