input script "in.gups.mart" is used.
1: #device 0 #assign gpu device ID for cal. default 0. also ./gups in.script deviceID
2: sys mart  #assign the type of the system
3: 
4: variable l 32
5: variable steps 20000
6: 
7: ###########################################################
8: set gridsize l l l 0.1 0.1 0.1  #the length unit is in nm
9: set modulus 3.5 1.5 1.0  #set the modulus constant
10: set transitiontemperature 450
11: set deltatime 0.01
12: set fix temperature 460 300 #assign the temperature route  
13: set weightdislocation 1
14: ##########################################################
15: read dislocationstress data.stress.for.mart
16: read defect data.defect.for.mart
17: ###########################################################
18: 
19: variant 4  #the conresponding variants information
straintensor created
0 0.0063 0.0063 
0.0063 0 0.0063 
0.0063 0.0063 0 

0 0.0063 -0.0063 
0.0063 0 -0.0063 
-0.0063 -0.0063 0 

0 -0.0063 0.0063 
-0.0063 0 -0.0063 
0.0063 -0.0063 0 

0 -0.0063 -0.0063 
-0.0063 0 0.0063 
-0.0063 0.0063 0 

24: ######################################
25: ######################################
26: thermo steps/20 temperature # (/ 4 2)
27: shell rm -rf dump_mart
28: dump dump_mart 20 eta
29: #####################################
30: run steps
space structure tensor relating to the elastic terms is calculating
calculating of space structure tensor relating to the elastic terms is finished
cuda fft plan is to creat
cuda fft plan is created
Steps 20: 	459.84 	
Steps 40: 	459.68 	
Steps 60: 	459.52 	
Steps 80: 	459.36 	
Steps 100: 	459.2 	
Steps 120: 	459.04 	
Steps 140: 	458.88 	
Steps 160: 	458.72 	
Steps 180: 	458.56 	
Steps 200: 	458.4 	
Steps 220: 	458.24 	
Steps 240: 	458.08 	
Steps 260: 	457.92 	
Steps 280: 	457.76 	
Steps 300: 	457.6 	
Steps 320: 	457.44 	
Steps 340: 	457.28 	
Steps 360: 	457.12 	
Steps 380: 	456.96 	
Steps 400: 	456.8 	
Steps 420: 	456.64 	
Steps 440: 	456.48 	
Steps 460: 	456.32 	
Steps 480: 	456.16 	
Steps 500: 	456 	
Steps 520: 	455.84 	
Steps 540: 	455.68 	
Steps 560: 	455.52 	
Steps 580: 	455.36 	
Steps 600: 	455.2 	
Steps 620: 	455.04 	
Steps 640: 	454.88 	
Steps 660: 	454.72 	
Steps 680: 	454.56 	
Steps 700: 	454.4 	
Steps 720: 	454.24 	
Steps 740: 	454.08 	
Steps 760: 	453.92 	
Steps 780: 	453.76 	
Steps 800: 	453.6 	
Steps 820: 	453.44 	
Steps 840: 	453.28 	
Steps 860: 	453.12 	
Steps 880: 	452.96 	
Steps 900: 	452.8 	
Steps 920: 	452.64 	
Steps 940: 	452.48 	
Steps 960: 	452.32 	
Steps 980: 	452.16 	
Steps 1000: 	452 	
Steps 1020: 	451.84 	
Steps 1040: 	451.68 	
Steps 1060: 	451.52 	
Steps 1080: 	451.36 	
Steps 1100: 	451.2 	
Steps 1120: 	451.04 	
Steps 1140: 	450.88 	
Steps 1160: 	450.72 	
Steps 1180: 	450.56 	
Steps 1200: 	450.4 	
Steps 1220: 	450.24 	
Steps 1240: 	450.08 	
Steps 1260: 	449.92 	
Steps 1280: 	449.76 	
Steps 1300: 	449.6 	
Steps 1320: 	449.44 	
Steps 1340: 	449.28 	
Steps 1360: 	449.12 	
Steps 1380: 	448.96 	
Steps 1400: 	448.8 	
Steps 1420: 	448.64 	
Steps 1440: 	448.48 	
Steps 1460: 	448.32 	
Steps 1480: 	448.16 	
Steps 1500: 	448 	
Steps 1520: 	447.84 	
Steps 1540: 	447.68 	
Steps 1560: 	447.52 	
Steps 1580: 	447.36 	
Steps 1600: 	447.2 	
Steps 1620: 	447.04 	
Steps 1640: 	446.88 	
Steps 1660: 	446.72 	
Steps 1680: 	446.56 	
Steps 1700: 	446.4 	
Steps 1720: 	446.24 	
Steps 1740: 	446.08 	
Steps 1760: 	445.92 	
Steps 1780: 	445.76 	
Steps 1800: 	445.6 	
Steps 1820: 	445.44 	
Steps 1840: 	445.28 	
Steps 1860: 	445.12 	
Steps 1880: 	444.96 	
Steps 1900: 	444.8 	
Steps 1920: 	444.64 	
Steps 1940: 	444.48 	
Steps 1960: 	444.32 	
Steps 1980: 	444.16 	
Steps 2000: 	444 	
Steps 2020: 	443.84 	
Steps 2040: 	443.68 	
Steps 2060: 	443.52 	
Steps 2080: 	443.36 	
Steps 2100: 	443.2 	
Steps 2120: 	443.04 	
Steps 2140: 	442.88 	
Steps 2160: 	442.72 	
Steps 2180: 	442.56 	
Steps 2200: 	442.4 	
Steps 2220: 	442.24 	
Steps 2240: 	442.08 	
Steps 2260: 	441.92 	
Steps 2280: 	441.76 	
Steps 2300: 	441.6 	
Steps 2320: 	441.44 	
Steps 2340: 	441.28 	
Steps 2360: 	441.12 	
Steps 2380: 	440.96 	
Steps 2400: 	440.8 	
Steps 2420: 	440.64 	
Steps 2440: 	440.48 	
Steps 2460: 	440.32 	
Steps 2480: 	440.16 	
Steps 2500: 	440 	
Steps 2520: 	439.84 	
Steps 2540: 	439.68 	
Steps 2560: 	439.52 	
Steps 2580: 	439.36 	
Steps 2600: 	439.2 	
Steps 2620: 	439.04 	
Steps 2640: 	438.88 	
Steps 2660: 	438.72 	
Steps 2680: 	438.56 	
Steps 2700: 	438.4 	
Steps 2720: 	438.24 	
Steps 2740: 	438.08 	
Steps 2760: 	437.92 	
Steps 2780: 	437.76 	
Steps 2800: 	437.6 	
Steps 2820: 	437.44 	
Steps 2840: 	437.28 	
Steps 2860: 	437.12 	
Steps 2880: 	436.96 	
Steps 2900: 	436.8 	
Steps 2920: 	436.64 	
Steps 2940: 	436.48 	
Steps 2960: 	436.32 	
Steps 2980: 	436.16 	
Steps 3000: 	436 	
Steps 3020: 	435.84 	
Steps 3040: 	435.68 	
Steps 3060: 	435.52 	
Steps 3080: 	435.36 	
Steps 3100: 	435.2 	
Steps 3120: 	435.04 	
Steps 3140: 	434.88 	
Steps 3160: 	434.72 	
Steps 3180: 	434.56 	
Steps 3200: 	434.4 	
Steps 3220: 	434.24 	
Steps 3240: 	434.08 	
Steps 3260: 	433.92 	
Steps 3280: 	433.76 	
Steps 3300: 	433.6 	
Steps 3320: 	433.44 	
Steps 3340: 	433.28 	
Steps 3360: 	433.12 	
Steps 3380: 	432.96 	
Steps 3400: 	432.8 	
Steps 3420: 	432.64 	
Steps 3440: 	432.48 	
Steps 3460: 	432.32 	
Steps 3480: 	432.16 	
Steps 3500: 	432 	
Steps 3520: 	431.84 	
Steps 3540: 	431.68 	
Steps 3560: 	431.52 	
Steps 3580: 	431.36 	
Steps 3600: 	431.2 	
Steps 3620: 	431.04 	
Steps 3640: 	430.88 	
Steps 3660: 	430.72 	
Steps 3680: 	430.56 	
Steps 3700: 	430.4 	
Steps 3720: 	430.24 	
Steps 3740: 	430.08 	
Steps 3760: 	429.92 	
Steps 3780: 	429.76 	
Steps 3800: 	429.6 	
Steps 3820: 	429.44 	
Steps 3840: 	429.28 	
Steps 3860: 	429.12 	
Steps 3880: 	428.96 	
Steps 3900: 	428.8 	
Steps 3920: 	428.64 	
Steps 3940: 	428.48 	
Steps 3960: 	428.32 	
Steps 3980: 	428.16 	
Steps 4000: 	428 	
Steps 4020: 	427.84 	
Steps 4040: 	427.68 	
Steps 4060: 	427.52 	
Steps 4080: 	427.36 	
Steps 4100: 	427.2 	
Steps 4120: 	427.04 	
Steps 4140: 	426.88 	
Steps 4160: 	426.72 	
Steps 4180: 	426.56 	
Steps 4200: 	426.4 	
Steps 4220: 	426.24 	
Steps 4240: 	426.08 	
Steps 4260: 	425.92 	
Steps 4280: 	425.76 	
Steps 4300: 	425.6 	
Steps 4320: 	425.44 	
Steps 4340: 	425.28 	
Steps 4360: 	425.12 	
Steps 4380: 	424.96 	
Steps 4400: 	424.8 	
Steps 4420: 	424.64 	
Steps 4440: 	424.48 	
Steps 4460: 	424.32 	
Steps 4480: 	424.16 	
Steps 4500: 	424 	
Steps 4520: 	423.84 	
Steps 4540: 	423.68 	
Steps 4560: 	423.52 	
Steps 4580: 	423.36 	
Steps 4600: 	423.2 	
Steps 4620: 	423.04 	
Steps 4640: 	422.88 	
Steps 4660: 	422.72 	
Steps 4680: 	422.56 	
Steps 4700: 	422.4 	
Steps 4720: 	422.24 	
Steps 4740: 	422.08 	
Steps 4760: 	421.92 	
Steps 4780: 	421.76 	
Steps 4800: 	421.6 	
Steps 4820: 	421.44 	
Steps 4840: 	421.28 	
Steps 4860: 	421.12 	
Steps 4880: 	420.96 	
Steps 4900: 	420.8 	
Steps 4920: 	420.64 	
Steps 4940: 	420.48 	
Steps 4960: 	420.32 	
Steps 4980: 	420.16 	
Steps 5000: 	420 	
Steps 5020: 	419.84 	
Steps 5040: 	419.68 	
Steps 5060: 	419.52 	
Steps 5080: 	419.36 	
Steps 5100: 	419.2 	
Steps 5120: 	419.04 	
Steps 5140: 	418.88 	
Steps 5160: 	418.72 	
Steps 5180: 	418.56 	
Steps 5200: 	418.4 	
Steps 5220: 	418.24 	
Steps 5240: 	418.08 	
Steps 5260: 	417.92 	
Steps 5280: 	417.76 	
Steps 5300: 	417.6 	
Steps 5320: 	417.44 	
Steps 5340: 	417.28 	
Steps 5360: 	417.12 	
Steps 5380: 	416.96 	
Steps 5400: 	416.8 	
Steps 5420: 	416.64 	
Steps 5440: 	416.48 	
Steps 5460: 	416.32 	
Steps 5480: 	416.16 	
Steps 5500: 	416 	
Steps 5520: 	415.84 	
Steps 5540: 	415.68 	
Steps 5560: 	415.52 	
Steps 5580: 	415.36 	
Steps 5600: 	415.2 	
Steps 5620: 	415.04 	
Steps 5640: 	414.88 	
Steps 5660: 	414.72 	
Steps 5680: 	414.56 	
Steps 5700: 	414.4 	
Steps 5720: 	414.24 	
Steps 5740: 	414.08 	
Steps 5760: 	413.92 	
Steps 5780: 	413.76 	
Steps 5800: 	413.6 	
Steps 5820: 	413.44 	
Steps 5840: 	413.28 	
Steps 5860: 	413.12 	
Steps 5880: 	412.96 	
Steps 5900: 	412.8 	
Steps 5920: 	412.64 	
Steps 5940: 	412.48 	
Steps 5960: 	412.32 	
Steps 5980: 	412.16 	
Steps 6000: 	412 	
Steps 6020: 	411.84 	
Steps 6040: 	411.68 	
Steps 6060: 	411.52 	
Steps 6080: 	411.36 	
Steps 6100: 	411.2 	
Steps 6120: 	411.04 	
Steps 6140: 	410.88 	
Steps 6160: 	410.72 	
Steps 6180: 	410.56 	
Steps 6200: 	410.4 	
Steps 6220: 	410.24 	
Steps 6240: 	410.08 	
Steps 6260: 	409.92 	
Steps 6280: 	409.76 	
Steps 6300: 	409.6 	
Steps 6320: 	409.44 	
Steps 6340: 	409.28 	
Steps 6360: 	409.12 	
Steps 6380: 	408.96 	
Steps 6400: 	408.8 	
Steps 6420: 	408.64 	
Steps 6440: 	408.48 	
Steps 6460: 	408.32 	
Steps 6480: 	408.16 	
Steps 6500: 	408 	
Steps 6520: 	407.84 	
Steps 6540: 	407.68 	
Steps 6560: 	407.52 	
Steps 6580: 	407.36 	
Steps 6600: 	407.2 	
Steps 6620: 	407.04 	
Steps 6640: 	406.88 	
Steps 6660: 	406.72 	
Steps 6680: 	406.56 	
Steps 6700: 	406.4 	
Steps 6720: 	406.24 	
Steps 6740: 	406.08 	
Steps 6760: 	405.92 	
Steps 6780: 	405.76 	
Steps 6800: 	405.6 	
Steps 6820: 	405.44 	
Steps 6840: 	405.28 	
Steps 6860: 	405.12 	
Steps 6880: 	404.96 	
Steps 6900: 	404.8 	
Steps 6920: 	404.64 	
Steps 6940: 	404.48 	
Steps 6960: 	404.32 	
Steps 6980: 	404.16 	
Steps 7000: 	404 	
Steps 7020: 	403.84 	
Steps 7040: 	403.68 	
Steps 7060: 	403.52 	
Steps 7080: 	403.36 	
Steps 7100: 	403.2 	
Steps 7120: 	403.04 	
Steps 7140: 	402.88 	
Steps 7160: 	402.72 	
Steps 7180: 	402.56 	
Steps 7200: 	402.4 	
Steps 7220: 	402.24 	
Steps 7240: 	402.08 	
Steps 7260: 	401.92 	
Steps 7280: 	401.76 	
Steps 7300: 	401.6 	
Steps 7320: 	401.44 	
Steps 7340: 	401.28 	
Steps 7360: 	401.12 	
Steps 7380: 	400.96 	
Steps 7400: 	400.8 	
Steps 7420: 	400.64 	
Steps 7440: 	400.48 	
Steps 7460: 	400.32 	
Steps 7480: 	400.16 	
Steps 7500: 	400 	
Steps 7520: 	399.84 	
Steps 7540: 	399.68 	
Steps 7560: 	399.52 	
Steps 7580: 	399.36 	
Steps 7600: 	399.2 	
Steps 7620: 	399.04 	
Steps 7640: 	398.88 	
Steps 7660: 	398.72 	
Steps 7680: 	398.56 	
Steps 7700: 	398.4 	
Steps 7720: 	398.24 	
Steps 7740: 	398.08 	
Steps 7760: 	397.92 	
Steps 7780: 	397.76 	
Steps 7800: 	397.6 	
Steps 7820: 	397.44 	
Steps 7840: 	397.28 	
Steps 7860: 	397.12 	
Steps 7880: 	396.96 	
Steps 7900: 	396.8 	
Steps 7920: 	396.64 	
Steps 7940: 	396.48 	
Steps 7960: 	396.32 	
Steps 7980: 	396.16 	
Steps 8000: 	396 	
Steps 8020: 	395.84 	
Steps 8040: 	395.68 	
Steps 8060: 	395.52 	
Steps 8080: 	395.36 	
Steps 8100: 	395.2 	
Steps 8120: 	395.04 	
Steps 8140: 	394.88 	
Steps 8160: 	394.72 	
Steps 8180: 	394.56 	
Steps 8200: 	394.4 	
Steps 8220: 	394.24 	
Steps 8240: 	394.08 	
Steps 8260: 	393.92 	
Steps 8280: 	393.76 	
Steps 8300: 	393.6 	
Steps 8320: 	393.44 	
Steps 8340: 	393.28 	
Steps 8360: 	393.12 	
Steps 8380: 	392.96 	
Steps 8400: 	392.8 	
Steps 8420: 	392.64 	
Steps 8440: 	392.48 	
Steps 8460: 	392.32 	
Steps 8480: 	392.16 	
Steps 8500: 	392 	
Steps 8520: 	391.84 	
Steps 8540: 	391.68 	
Steps 8560: 	391.52 	
Steps 8580: 	391.36 	
Steps 8600: 	391.2 	
Steps 8620: 	391.04 	
Steps 8640: 	390.88 	
Steps 8660: 	390.72 	
Steps 8680: 	390.56 	
Steps 8700: 	390.4 	
Steps 8720: 	390.24 	
Steps 8740: 	390.08 	
Steps 8760: 	389.92 	
Steps 8780: 	389.76 	
Steps 8800: 	389.6 	
Steps 8820: 	389.44 	
Steps 8840: 	389.28 	
Steps 8860: 	389.12 	
Steps 8880: 	388.96 	
Steps 8900: 	388.8 	
Steps 8920: 	388.64 	
Steps 8940: 	388.48 	
Steps 8960: 	388.32 	
Steps 8980: 	388.16 	
Steps 9000: 	388 	
Steps 9020: 	387.84 	
Steps 9040: 	387.68 	
Steps 9060: 	387.52 	
Steps 9080: 	387.36 	
Steps 9100: 	387.2 	
Steps 9120: 	387.04 	
Steps 9140: 	386.88 	
Steps 9160: 	386.72 	
Steps 9180: 	386.56 	
Steps 9200: 	386.4 	
Steps 9220: 	386.24 	
Steps 9240: 	386.08 	
Steps 9260: 	385.92 	
Steps 9280: 	385.76 	
Steps 9300: 	385.6 	
Steps 9320: 	385.44 	
Steps 9340: 	385.28 	
Steps 9360: 	385.12 	
Steps 9380: 	384.96 	
Steps 9400: 	384.8 	
Steps 9420: 	384.64 	
Steps 9440: 	384.48 	
Steps 9460: 	384.32 	
Steps 9480: 	384.16 	
Steps 9500: 	384 	
Steps 9520: 	383.84 	
Steps 9540: 	383.68 	
Steps 9560: 	383.52 	
Steps 9580: 	383.36 	
Steps 9600: 	383.2 	
Steps 9620: 	383.04 	
Steps 9640: 	382.88 	
Steps 9660: 	382.72 	
Steps 9680: 	382.56 	
Steps 9700: 	382.4 	
Steps 9720: 	382.24 	
Steps 9740: 	382.08 	
Steps 9760: 	381.92 	
Steps 9780: 	381.76 	
Steps 9800: 	381.6 	
Steps 9820: 	381.44 	
Steps 9840: 	381.28 	
Steps 9860: 	381.12 	
Steps 9880: 	380.96 	
Steps 9900: 	380.8 	
Steps 9920: 	380.64 	
Steps 9940: 	380.48 	
Steps 9960: 	380.32 	
Steps 9980: 	380.16 	
Steps 10000: 	380 	
Steps 10020: 	379.84 	
Steps 10040: 	379.68 	
Steps 10060: 	379.52 	
Steps 10080: 	379.36 	
Steps 10100: 	379.2 	
Steps 10120: 	379.04 	
Steps 10140: 	378.88 	
Steps 10160: 	378.72 	
Steps 10180: 	378.56 	
Steps 10200: 	378.4 	
Steps 10220: 	378.24 	
Steps 10240: 	378.08 	
Steps 10260: 	377.92 	
Steps 10280: 	377.76 	
Steps 10300: 	377.6 	
Steps 10320: 	377.44 	
Steps 10340: 	377.28 	
Steps 10360: 	377.12 	
Steps 10380: 	376.96 	
Steps 10400: 	376.8 	
Steps 10420: 	376.64 	
Steps 10440: 	376.48 	
Steps 10460: 	376.32 	
Steps 10480: 	376.16 	
Steps 10500: 	376 	
Steps 10520: 	375.84 	
Steps 10540: 	375.68 	
Steps 10560: 	375.52 	
Steps 10580: 	375.36 	
Steps 10600: 	375.2 	
Steps 10620: 	375.04 	
Steps 10640: 	374.88 	
Steps 10660: 	374.72 	
Steps 10680: 	374.56 	
Steps 10700: 	374.4 	
Steps 10720: 	374.24 	
Steps 10740: 	374.08 	
Steps 10760: 	373.92 	
Steps 10780: 	373.76 	
Steps 10800: 	373.6 	
Steps 10820: 	373.44 	
Steps 10840: 	373.28 	
Steps 10860: 	373.12 	
Steps 10880: 	372.96 	
Steps 10900: 	372.8 	
Steps 10920: 	372.64 	
Steps 10940: 	372.48 	
Steps 10960: 	372.32 	
Steps 10980: 	372.16 	
Steps 11000: 	372 	
Steps 11020: 	371.84 	
Steps 11040: 	371.68 	
Steps 11060: 	371.52 	
Steps 11080: 	371.36 	
Steps 11100: 	371.2 	
Steps 11120: 	371.04 	
Steps 11140: 	370.88 	
Steps 11160: 	370.72 	
Steps 11180: 	370.56 	
Steps 11200: 	370.4 	
Steps 11220: 	370.24 	
Steps 11240: 	370.08 	
Steps 11260: 	369.92 	
Steps 11280: 	369.76 	
Steps 11300: 	369.6 	
Steps 11320: 	369.44 	
Steps 11340: 	369.28 	
Steps 11360: 	369.12 	
Steps 11380: 	368.96 	
Steps 11400: 	368.8 	
Steps 11420: 	368.64 	
Steps 11440: 	368.48 	
Steps 11460: 	368.32 	
Steps 11480: 	368.16 	
Steps 11500: 	368 	
Steps 11520: 	367.84 	
Steps 11540: 	367.68 	
Steps 11560: 	367.52 	
Steps 11580: 	367.36 	
Steps 11600: 	367.2 	
Steps 11620: 	367.04 	
Steps 11640: 	366.88 	
Steps 11660: 	366.72 	
Steps 11680: 	366.56 	
Steps 11700: 	366.4 	
Steps 11720: 	366.24 	
Steps 11740: 	366.08 	
Steps 11760: 	365.92 	
Steps 11780: 	365.76 	
Steps 11800: 	365.6 	
Steps 11820: 	365.44 	
Steps 11840: 	365.28 	
Steps 11860: 	365.12 	
Steps 11880: 	364.96 	
Steps 11900: 	364.8 	
Steps 11920: 	364.64 	
Steps 11940: 	364.48 	
Steps 11960: 	364.32 	
Steps 11980: 	364.16 	
Steps 12000: 	364 	
Steps 12020: 	363.84 	
Steps 12040: 	363.68 	
Steps 12060: 	363.52 	
Steps 12080: 	363.36 	
Steps 12100: 	363.2 	
Steps 12120: 	363.04 	
Steps 12140: 	362.88 	
Steps 12160: 	362.72 	
Steps 12180: 	362.56 	
Steps 12200: 	362.4 	
Steps 12220: 	362.24 	
Steps 12240: 	362.08 	
Steps 12260: 	361.92 	
Steps 12280: 	361.76 	
Steps 12300: 	361.6 	
Steps 12320: 	361.44 	
Steps 12340: 	361.28 	
Steps 12360: 	361.12 	
Steps 12380: 	360.96 	
Steps 12400: 	360.8 	
Steps 12420: 	360.64 	
Steps 12440: 	360.48 	
Steps 12460: 	360.32 	
Steps 12480: 	360.16 	
Steps 12500: 	360 	
Steps 12520: 	359.84 	
Steps 12540: 	359.68 	
Steps 12560: 	359.52 	
Steps 12580: 	359.36 	
Steps 12600: 	359.2 	
Steps 12620: 	359.04 	
Steps 12640: 	358.88 	
Steps 12660: 	358.72 	
Steps 12680: 	358.56 	
Steps 12700: 	358.4 	
Steps 12720: 	358.24 	
Steps 12740: 	358.08 	
Steps 12760: 	357.92 	
Steps 12780: 	357.76 	
Steps 12800: 	357.6 	
Steps 12820: 	357.44 	
Steps 12840: 	357.28 	
Steps 12860: 	357.12 	
Steps 12880: 	356.96 	
Steps 12900: 	356.8 	
Steps 12920: 	356.64 	
Steps 12940: 	356.48 	
Steps 12960: 	356.32 	
Steps 12980: 	356.16 	
Steps 13000: 	356 	
Steps 13020: 	355.84 	
Steps 13040: 	355.68 	
Steps 13060: 	355.52 	
Steps 13080: 	355.36 	
Steps 13100: 	355.2 	
Steps 13120: 	355.04 	
Steps 13140: 	354.88 	
Steps 13160: 	354.72 	
Steps 13180: 	354.56 	
Steps 13200: 	354.4 	
Steps 13220: 	354.24 	
Steps 13240: 	354.08 	
Steps 13260: 	353.92 	
Steps 13280: 	353.76 	
Steps 13300: 	353.6 	
Steps 13320: 	353.44 	
Steps 13340: 	353.28 	
Steps 13360: 	353.12 	
Steps 13380: 	352.96 	
Steps 13400: 	352.8 	
Steps 13420: 	352.64 	
Steps 13440: 	352.48 	
Steps 13460: 	352.32 	
Steps 13480: 	352.16 	
Steps 13500: 	352 	
Steps 13520: 	351.84 	
Steps 13540: 	351.68 	
Steps 13560: 	351.52 	
Steps 13580: 	351.36 	
Steps 13600: 	351.2 	
Steps 13620: 	351.04 	
Steps 13640: 	350.88 	
Steps 13660: 	350.72 	
Steps 13680: 	350.56 	
Steps 13700: 	350.4 	
Steps 13720: 	350.24 	
Steps 13740: 	350.08 	
Steps 13760: 	349.92 	
Steps 13780: 	349.76 	
Steps 13800: 	349.6 	
Steps 13820: 	349.44 	
Steps 13840: 	349.28 	
Steps 13860: 	349.12 	
Steps 13880: 	348.96 	
Steps 13900: 	348.8 	
Steps 13920: 	348.64 	
Steps 13940: 	348.48 	
Steps 13960: 	348.32 	
Steps 13980: 	348.16 	
Steps 14000: 	348 	
Steps 14020: 	347.84 	
Steps 14040: 	347.68 	
Steps 14060: 	347.52 	
Steps 14080: 	347.36 	
Steps 14100: 	347.2 	
Steps 14120: 	347.04 	
Steps 14140: 	346.88 	
Steps 14160: 	346.72 	
Steps 14180: 	346.56 	
Steps 14200: 	346.4 	
Steps 14220: 	346.24 	
Steps 14240: 	346.08 	
Steps 14260: 	345.92 	
Steps 14280: 	345.76 	
Steps 14300: 	345.6 	
Steps 14320: 	345.44 	
Steps 14340: 	345.28 	
Steps 14360: 	345.12 	
Steps 14380: 	344.96 	
Steps 14400: 	344.8 	
Steps 14420: 	344.64 	
Steps 14440: 	344.48 	
Steps 14460: 	344.32 	
Steps 14480: 	344.16 	
Steps 14500: 	344 	
Steps 14520: 	343.84 	
Steps 14540: 	343.68 	
Steps 14560: 	343.52 	
Steps 14580: 	343.36 	
Steps 14600: 	343.2 	
Steps 14620: 	343.04 	
Steps 14640: 	342.88 	
Steps 14660: 	342.72 	
Steps 14680: 	342.56 	
Steps 14700: 	342.4 	
Steps 14720: 	342.24 	
Steps 14740: 	342.08 	
Steps 14760: 	341.92 	
Steps 14780: 	341.76 	
Steps 14800: 	341.6 	
Steps 14820: 	341.44 	
Steps 14840: 	341.28 	
Steps 14860: 	341.12 	
Steps 14880: 	340.96 	
Steps 14900: 	340.8 	
Steps 14920: 	340.64 	
Steps 14940: 	340.48 	
Steps 14960: 	340.32 	
Steps 14980: 	340.16 	
Steps 15000: 	340 	
Steps 15020: 	339.84 	
Steps 15040: 	339.68 	
Steps 15060: 	339.52 	
Steps 15080: 	339.36 	
Steps 15100: 	339.2 	
Steps 15120: 	339.04 	
Steps 15140: 	338.88 	
Steps 15160: 	338.72 	
Steps 15180: 	338.56 	
Steps 15200: 	338.4 	
Steps 15220: 	338.24 	
Steps 15240: 	338.08 	
Steps 15260: 	337.92 	
Steps 15280: 	337.76 	
Steps 15300: 	337.6 	
Steps 15320: 	337.44 	
Steps 15340: 	337.28 	
Steps 15360: 	337.12 	
Steps 15380: 	336.96 	
Steps 15400: 	336.8 	
Steps 15420: 	336.64 	
Steps 15440: 	336.48 	
Steps 15460: 	336.32 	
Steps 15480: 	336.16 	
Steps 15500: 	336 	
Steps 15520: 	335.84 	
Steps 15540: 	335.68 	
Steps 15560: 	335.52 	
Steps 15580: 	335.36 	
Steps 15600: 	335.2 	
Steps 15620: 	335.04 	
Steps 15640: 	334.88 	
Steps 15660: 	334.72 	
Steps 15680: 	334.56 	
Steps 15700: 	334.4 	
Steps 15720: 	334.24 	
Steps 15740: 	334.08 	
Steps 15760: 	333.92 	
Steps 15780: 	333.76 	
Steps 15800: 	333.6 	
Steps 15820: 	333.44 	
Steps 15840: 	333.28 	
Steps 15860: 	333.12 	
Steps 15880: 	332.96 	
Steps 15900: 	332.8 	
Steps 15920: 	332.64 	
Steps 15940: 	332.48 	
Steps 15960: 	332.32 	
Steps 15980: 	332.16 	
Steps 16000: 	332 	
Steps 16020: 	331.84 	
Steps 16040: 	331.68 	
Steps 16060: 	331.52 	
Steps 16080: 	331.36 	
Steps 16100: 	331.2 	
Steps 16120: 	331.04 	
Steps 16140: 	330.88 	
Steps 16160: 	330.72 	
Steps 16180: 	330.56 	
Steps 16200: 	330.4 	
Steps 16220: 	330.24 	
Steps 16240: 	330.08 	
Steps 16260: 	329.92 	
Steps 16280: 	329.76 	
Steps 16300: 	329.6 	
Steps 16320: 	329.44 	
Steps 16340: 	329.28 	
Steps 16360: 	329.12 	
Steps 16380: 	328.96 	
Steps 16400: 	328.8 	
Steps 16420: 	328.64 	
Steps 16440: 	328.48 	
Steps 16460: 	328.32 	
Steps 16480: 	328.16 	
Steps 16500: 	328 	
Steps 16520: 	327.84 	
Steps 16540: 	327.68 	
Steps 16560: 	327.52 	
Steps 16580: 	327.36 	
Steps 16600: 	327.2 	
Steps 16620: 	327.04 	
Steps 16640: 	326.88 	
Steps 16660: 	326.72 	
Steps 16680: 	326.56 	
Steps 16700: 	326.4 	
Steps 16720: 	326.24 	
Steps 16740: 	326.08 	
Steps 16760: 	325.92 	
Steps 16780: 	325.76 	
Steps 16800: 	325.6 	
Steps 16820: 	325.44 	
Steps 16840: 	325.28 	
Steps 16860: 	325.12 	
Steps 16880: 	324.96 	
Steps 16900: 	324.8 	
Steps 16920: 	324.64 	
Steps 16940: 	324.48 	
Steps 16960: 	324.32 	
Steps 16980: 	324.16 	
Steps 17000: 	324 	
Steps 17020: 	323.84 	
Steps 17040: 	323.68 	
Steps 17060: 	323.52 	
Steps 17080: 	323.36 	
Steps 17100: 	323.2 	
Steps 17120: 	323.04 	
Steps 17140: 	322.88 	
Steps 17160: 	322.72 	
Steps 17180: 	322.56 	
Steps 17200: 	322.4 	
Steps 17220: 	322.24 	
Steps 17240: 	322.08 	
Steps 17260: 	321.92 	
Steps 17280: 	321.76 	
Steps 17300: 	321.6 	
Steps 17320: 	321.44 	
Steps 17340: 	321.28 	
Steps 17360: 	321.12 	
Steps 17380: 	320.96 	
Steps 17400: 	320.8 	
Steps 17420: 	320.64 	
Steps 17440: 	320.48 	
Steps 17460: 	320.32 	
Steps 17480: 	320.16 	
Steps 17500: 	320 	
Steps 17520: 	319.84 	
Steps 17540: 	319.68 	
Steps 17560: 	319.52 	
Steps 17580: 	319.36 	
Steps 17600: 	319.2 	
Steps 17620: 	319.04 	
Steps 17640: 	318.88 	
Steps 17660: 	318.72 	
Steps 17680: 	318.56 	
Steps 17700: 	318.4 	
Steps 17720: 	318.24 	
Steps 17740: 	318.08 	
Steps 17760: 	317.92 	
Steps 17780: 	317.76 	
Steps 17800: 	317.6 	
Steps 17820: 	317.44 	
Steps 17840: 	317.28 	
Steps 17860: 	317.12 	
Steps 17880: 	316.96 	
Steps 17900: 	316.8 	
Steps 17920: 	316.64 	
Steps 17940: 	316.48 	
Steps 17960: 	316.32 	
Steps 17980: 	316.16 	
Steps 18000: 	316 	
Steps 18020: 	315.84 	
Steps 18040: 	315.68 	
Steps 18060: 	315.52 	
Steps 18080: 	315.36 	
Steps 18100: 	315.2 	
Steps 18120: 	315.04 	
Steps 18140: 	314.88 	
Steps 18160: 	314.72 	
Steps 18180: 	314.56 	
Steps 18200: 	314.4 	
Steps 18220: 	314.24 	
Steps 18240: 	314.08 	
Steps 18260: 	313.92 	
Steps 18280: 	313.76 	
Steps 18300: 	313.6 	
Steps 18320: 	313.44 	
Steps 18340: 	313.28 	
Steps 18360: 	313.12 	
Steps 18380: 	312.96 	
Steps 18400: 	312.8 	
Steps 18420: 	312.64 	
Steps 18440: 	312.48 	
Steps 18460: 	312.32 	
Steps 18480: 	312.16 	
Steps 18500: 	312 	
Steps 18520: 	311.84 	
Steps 18540: 	311.68 	
Steps 18560: 	311.52 	
Steps 18580: 	311.36 	
Steps 18600: 	311.2 	
Steps 18620: 	311.04 	
Steps 18640: 	310.88 	
Steps 18660: 	310.72 	
Steps 18680: 	310.56 	
Steps 18700: 	310.4 	
Steps 18720: 	310.24 	
Steps 18740: 	310.08 	
Steps 18760: 	309.92 	
Steps 18780: 	309.76 	
Steps 18800: 	309.6 	
Steps 18820: 	309.44 	
Steps 18840: 	309.28 	
Steps 18860: 	309.12 	
Steps 18880: 	308.96 	
Steps 18900: 	308.8 	
Steps 18920: 	308.64 	
Steps 18940: 	308.48 	
Steps 18960: 	308.32 	
Steps 18980: 	308.16 	
Steps 19000: 	308 	
Steps 19020: 	307.84 	
Steps 19040: 	307.68 	
Steps 19060: 	307.52 	
Steps 19080: 	307.36 	
Steps 19100: 	307.2 	
Steps 19120: 	307.04 	
Steps 19140: 	306.88 	
Steps 19160: 	306.72 	
Steps 19180: 	306.56 	
Steps 19200: 	306.4 	
Steps 19220: 	306.24 	
Steps 19240: 	306.08 	
Steps 19260: 	305.92 	
Steps 19280: 	305.76 	
Steps 19300: 	305.6 	
Steps 19320: 	305.44 	
Steps 19340: 	305.28 	
Steps 19360: 	305.12 	
Steps 19380: 	304.96 	
Steps 19400: 	304.8 	
Steps 19420: 	304.64 	
Steps 19440: 	304.48 	
Steps 19460: 	304.32 	
Steps 19480: 	304.16 	
Steps 19500: 	304 	
Steps 19520: 	303.84 	
Steps 19540: 	303.68 	
Steps 19560: 	303.52 	
Steps 19580: 	303.36 	
Steps 19600: 	303.2 	
Steps 19620: 	303.04 	
Steps 19640: 	302.88 	
Steps 19660: 	302.72 	
Steps 19680: 	302.56 	
Steps 19700: 	302.4 	
Steps 19720: 	302.24 	
Steps 19740: 	302.08 	
Steps 19760: 	301.92 	
Steps 19780: 	301.76 	
Steps 19800: 	301.6 	
Steps 19820: 	301.44 	
Steps 19840: 	301.28 	
Steps 19860: 	301.12 	
Steps 19880: 	300.96 	
Steps 19900: 	300.8 	
Steps 19920: 	300.64 	
Steps 19940: 	300.48 	
Steps 19960: 	300.32 	
Steps 19980: 	300.16 	
Steps 20000: 	300 	
31: shell cp dump_mart/eta.final.data data.eta.final
